<?xml version="1.0" encoding="UTF-8"?>
<!-- Generated by org.testng.reporters.JUnitReportReporter -->
<testsuite skipped="0" hostname="Sam" name="jse.GetMultipleData" tests="3" failures="0" timestamp="14 Mar 2018 08:44:14 GMT" time="0.019" errors="0">
  <testcase name="f" time="0.003" classname="jse.GetMultipleData"/>
  <testcase name="f" time="0.003" classname="jse.GetMultipleData"/>
  <testcase name="f" time="0.013" classname="jse.GetMultipleData"/>
</testsuite> <!-- jse.GetMultipleData -->
